Arguments: 
  /usr/local/bin/node /usr/local/Cellar/yarn/1.22.4/libexec/bin/yarn.js init

PATH: 
  /Library/Frameworks/Python.framework/Versions/3.8/bin:/usr/local/bin:/usr/bin:/bin:/usr/sbin:/sbin:/Library/Frameworks/Mono.framework/Versions/Current/Commands:/Library/Frameworks/Python.framework/Versions/3.8/bin

Yarn version: 
  1.22.4

Node version: 
  12.14.0

Platform: 
  darwin x64

Trace: 
  Error: canceled
      at Interface.<anonymous> (/usr/local/Cellar/yarn/1.22.4/libexec/lib/cli.js:137008:13)
      at Interface.emit (events.js:210:5)
      at Interface._ttyWrite (readline.js:887:16)
      at ReadStream.onkeypress (readline.js:191:10)
      at ReadStream.emit (events.js:210:5)
      at emitKeys (internal/readline/utils.js:433:14)
      at emitKeys.next (<anonymous>)
      at ReadStream.onData (readline.js:1153:36)
      at ReadStream.emit (events.js:210:5)
      at addChunk (_stream_readable.js:309:12)

npm manifest: 
  {
    "dependencies": {
      "cors": "^2.8.5",
      "express": "^4.17.1",
      "express-async-errors": "^3.1.1",
      "multer": "^1.4.2",
      "sqlite3": "^5.0.0",
      "ts-node-dev": "^1.0.0-pre.63",
      "typeorm": "^0.2.28",
      "yup": "^0.29.3"
    },
    "devDependencies": {
      "@types/cors": "^2.8.8",
      "@types/express": "^4.17.8",
      "@types/multer": "^1.4.4",
      "@types/yup": "^0.29.8",
      "typescript": "^4.0.3"
    },
    "license": "MIT",
    "main": "index.js",
    "name": "backend",
    "scripts": {
      "dev": "ts-node-dev --transpile-only --ignore-watch node_modules src/server.ts",
      "typeorm": "tsnd ./node_modules/typeorm/cli.js"
    },
    "version": "1.0.0",
    "repository": "https://github.com/pedromiiguel/Happy.git",
    "author": "pedromiiguel <pedromrap@gmail.com>"
  }

yarn manifest: 
  No manifest

Lockfile: 
  No lockfile
